{"level":"info","message":"MongoDB connected","timestamp":"2025-09-21T04:22:58.405Z"}
{"level":"info","message":"Server is running on port 3000","timestamp":"2025-09-21T04:23:09.631Z"}
{"level":"info","message":"MongoDB connected","timestamp":"2025-09-21T04:23:09.693Z"}
{"level":"info","message":"Server is running on port 3000","timestamp":"2025-09-21T04:23:26.862Z"}
{"level":"info","message":"MongoDB connected","timestamp":"2025-09-21T04:23:26.911Z"}
{"level":"info","message":"Server is running on port 3000","timestamp":"2025-09-21T04:24:12.315Z"}
{"level":"info","message":"MongoDB connected","timestamp":"2025-09-21T04:24:12.350Z"}
{"level":"info","message":"Server is running on port 3000","timestamp":"2025-09-21T04:24:27.995Z"}
{"level":"info","message":"MongoDB connected","timestamp":"2025-09-21T04:24:28.043Z"}
{"level":"info","message":"Server is running on port 3000","timestamp":"2025-09-21T04:24:30.777Z"}
{"level":"info","message":"MongoDB connected","timestamp":"2025-09-21T04:24:30.809Z"}
{"level":"info","message":"Server is running on port 3000","timestamp":"2025-09-21T04:25:52.360Z"}
{"level":"info","message":"MongoDB connected","timestamp":"2025-09-21T04:25:52.389Z"}
{"level":"info","message":"Server is running on port 3000","timestamp":"2025-09-21T04:26:05.820Z"}
{"level":"info","message":"MongoDB connected","timestamp":"2025-09-21T04:26:05.938Z"}
{"level":"info","message":"Server is running on port 3000","timestamp":"2025-09-21T04:26:10.484Z"}
{"level":"info","message":"MongoDB connected","timestamp":"2025-09-21T04:26:10.543Z"}
{"level":"info","message":"Server is running on port 3000","timestamp":"2025-09-21T04:26:14.902Z"}
{"level":"info","message":"MongoDB connected","timestamp":"2025-09-21T04:26:14.949Z"}
{"level":"info","message":"Server is running on port 3000","timestamp":"2025-09-21T04:26:17.507Z"}
{"level":"info","message":"MongoDB connected","timestamp":"2025-09-21T04:26:17.556Z"}
{"level":"info","message":"Server is running on port 3000","timestamp":"2025-09-21T04:26:35.528Z"}
{"level":"info","message":"MongoDB connected","timestamp":"2025-09-21T04:26:35.832Z"}
{"level":"info","message":"Server is running on port 3000","timestamp":"2025-09-21T04:26:37.945Z"}
{"level":"info","message":"MongoDB connected","timestamp":"2025-09-21T04:26:38.069Z"}
{"level":"info","message":"Server is running on port 3000","timestamp":"2025-09-21T04:26:39.964Z"}
{"level":"info","message":"MongoDB connected","timestamp":"2025-09-21T04:26:40.001Z"}
{"level":"info","message":"Server is running on port 3000","timestamp":"2025-09-21T04:26:54.656Z"}
{"level":"info","message":"MongoDB connected","timestamp":"2025-09-21T04:26:54.694Z"}
{"level":"info","message":"Server is running on port 3000","timestamp":"2025-09-21T04:26:58.876Z"}
{"level":"info","message":"MongoDB connected","timestamp":"2025-09-21T04:26:58.931Z"}
{"level":"info","message":"Server is running on port 3000","timestamp":"2025-09-21T04:27:07.353Z"}
{"level":"info","message":"MongoDB connected","timestamp":"2025-09-21T04:27:07.405Z"}
{"level":"info","message":"Server is running on port 3000","timestamp":"2025-09-21T04:27:09.441Z"}
{"level":"info","message":"MongoDB connected","timestamp":"2025-09-21T04:27:09.476Z"}
{"level":"info","message":"Server is running on port 3000","timestamp":"2025-09-21T04:27:14.327Z"}
{"level":"info","message":"MongoDB connected","timestamp":"2025-09-21T04:27:14.363Z"}
{"level":"info","message":"Server is running on port 3000","timestamp":"2025-09-21T04:27:21.066Z"}
{"level":"info","message":"MongoDB connected","timestamp":"2025-09-21T04:27:21.096Z"}
{"level":"info","message":"Server is running on port 3000","timestamp":"2025-09-21T04:27:30.984Z"}
{"level":"info","message":"MongoDB connected","timestamp":"2025-09-21T04:27:31.028Z"}
{"level":"info","message":"Server is running on port 3000","timestamp":"2025-09-21T04:27:33.443Z"}
{"level":"info","message":"MongoDB connected","timestamp":"2025-09-21T04:27:33.481Z"}
{"level":"info","message":"Server is running on port 3000","timestamp":"2025-09-21T04:28:00.384Z"}
{"level":"info","message":"MongoDB connected","timestamp":"2025-09-21T04:28:00.421Z"}
{"level":"info","message":"Server is running on port 3000","timestamp":"2025-09-21T04:28:16.484Z"}
{"level":"info","message":"MongoDB connected","timestamp":"2025-09-21T04:28:16.521Z"}
{"level":"info","message":"Server is running on port 3000","timestamp":"2025-09-21T04:28:21.637Z"}
{"level":"info","message":"MongoDB connected","timestamp":"2025-09-21T04:28:21.676Z"}
{"level":"info","message":"Server is running on port 3000","timestamp":"2025-09-21T04:28:54.731Z"}
{"level":"info","message":"MongoDB connected","timestamp":"2025-09-21T04:28:54.800Z"}
{"level":"info","message":"Server is running on port 3000","timestamp":"2025-09-21T04:28:56.351Z"}
{"level":"info","message":"MongoDB connected","timestamp":"2025-09-21T04:28:56.384Z"}
{"level":"info","message":"Server is running on port 3000","timestamp":"2025-09-21T04:29:22.749Z"}
{"level":"info","message":"MongoDB connected","timestamp":"2025-09-21T04:29:22.788Z"}
{"level":"info","message":"Server is running on port 3000","timestamp":"2025-09-21T04:29:39.311Z"}
{"level":"info","message":"MongoDB connected","timestamp":"2025-09-21T04:29:39.342Z"}
{"level":"info","message":"Server is running on port 3000","timestamp":"2025-09-21T04:29:46.509Z"}
{"level":"info","message":"MongoDB connected","timestamp":"2025-09-21T04:29:46.538Z"}
{"level":"info","message":"Server is running on port 3000","timestamp":"2025-09-21T04:29:51.700Z"}
{"level":"info","message":"MongoDB connected","timestamp":"2025-09-21T04:29:51.747Z"}
{"level":"info","message":"Server is running on port 3000","timestamp":"2025-09-21T04:29:55.363Z"}
{"level":"info","message":"MongoDB connected","timestamp":"2025-09-21T04:29:55.396Z"}
{"level":"info","message":"Server is running on port 3000","timestamp":"2025-09-21T04:34:28.606Z"}
{"level":"info","message":"MongoDB connected","timestamp":"2025-09-21T04:34:28.635Z"}
{"level":"info","message":"Server is running on port 3000","timestamp":"2025-09-21T04:34:36.478Z"}
{"level":"info","message":"MongoDB connected","timestamp":"2025-09-21T04:34:36.544Z"}
{"level":"info","message":"Server is running on port 3000","timestamp":"2025-09-21T04:34:45.341Z"}
{"level":"info","message":"MongoDB connected","timestamp":"2025-09-21T04:34:45.386Z"}
{"level":"info","message":"Server is running on port 3000","timestamp":"2025-09-21T04:34:50.915Z"}
{"level":"info","message":"MongoDB connected","timestamp":"2025-09-21T04:34:50.950Z"}
{"level":"info","message":"Server is running on port 3000","timestamp":"2025-09-21T04:34:54.746Z"}
{"level":"info","message":"MongoDB connected","timestamp":"2025-09-21T04:34:54.790Z"}
{"level":"info","message":"Server is running on port 3000","timestamp":"2025-09-21T04:35:03.561Z"}
{"level":"info","message":"MongoDB connected","timestamp":"2025-09-21T04:35:03.653Z"}
{"level":"info","message":"Server is running on port 3000","timestamp":"2025-09-21T04:35:12.068Z"}
{"level":"info","message":"MongoDB connected","timestamp":"2025-09-21T04:35:12.179Z"}
{"level":"info","message":"Server is running on port 3000","timestamp":"2025-09-21T04:35:15.904Z"}
{"level":"info","message":"MongoDB connected","timestamp":"2025-09-21T04:35:15.938Z"}
{"level":"info","message":"Server is running on port 3000","timestamp":"2025-09-21T04:35:25.393Z"}
{"level":"info","message":"MongoDB connected","timestamp":"2025-09-21T04:35:25.441Z"}
{"level":"info","message":"Server is running on port 3000","timestamp":"2025-09-21T04:35:29.981Z"}
{"level":"info","message":"MongoDB connected","timestamp":"2025-09-21T04:35:30.020Z"}
{"level":"info","message":"Server is running on port 3000","timestamp":"2025-09-21T04:35:32.790Z"}
{"level":"info","message":"MongoDB connected","timestamp":"2025-09-21T04:35:32.822Z"}
{"level":"info","message":"Server is running on port 3000","timestamp":"2025-09-21T04:35:40.411Z"}
{"level":"info","message":"MongoDB connected","timestamp":"2025-09-21T04:35:40.442Z"}
{"level":"info","message":"Server is running on port 3000","timestamp":"2025-09-21T04:35:47.922Z"}
{"level":"info","message":"MongoDB connected","timestamp":"2025-09-21T04:35:48.413Z"}
{"level":"info","message":"Server is running on port 3000","timestamp":"2025-09-21T04:35:50.415Z"}
{"level":"info","message":"MongoDB connected","timestamp":"2025-09-21T04:35:50.452Z"}
{"level":"info","message":"Server is running on port 3000","timestamp":"2025-09-21T04:36:07.471Z"}
{"level":"info","message":"MongoDB connected","timestamp":"2025-09-21T04:36:07.541Z"}
{"level":"info","message":"Server is running on port 3000","timestamp":"2025-09-21T04:36:15.842Z"}
{"level":"info","message":"MongoDB connected","timestamp":"2025-09-21T04:36:15.874Z"}
{"level":"info","message":"Server is running on port 3000","timestamp":"2025-09-21T04:36:34.148Z"}
{"level":"info","message":"MongoDB connected","timestamp":"2025-09-21T04:36:34.259Z"}
{"level":"info","message":"Server is running on port 3000","timestamp":"2025-09-21T04:36:36.759Z"}
{"level":"info","message":"MongoDB connected","timestamp":"2025-09-21T04:36:36.793Z"}
{"level":"info","message":"Server is running on port 3000","timestamp":"2025-09-21T04:36:41.530Z"}
{"level":"info","message":"MongoDB connected","timestamp":"2025-09-21T04:36:41.561Z"}
{"level":"info","message":"Server is running on port 3000","timestamp":"2025-09-21T04:36:47.239Z"}
{"level":"info","message":"MongoDB connected","timestamp":"2025-09-21T04:36:47.337Z"}
{"level":"info","message":"Server is running on port 3000","timestamp":"2025-09-21T04:37:11.879Z"}
{"level":"info","message":"MongoDB connected","timestamp":"2025-09-21T04:37:11.936Z"}
{"level":"info","message":"Server is running on port 3000","timestamp":"2025-09-21T04:37:16.480Z"}
{"level":"info","message":"MongoDB connected","timestamp":"2025-09-21T04:37:16.538Z"}
{"level":"info","message":"Server is running on port 3000","timestamp":"2025-09-21T04:37:30.424Z"}
{"level":"info","message":"MongoDB connected","timestamp":"2025-09-21T04:37:30.488Z"}
{"level":"info","message":"Server is running on port 3000","timestamp":"2025-09-21T04:37:38.247Z"}
{"level":"info","message":"MongoDB connected","timestamp":"2025-09-21T04:37:38.288Z"}
{"level":"info","message":"Server is running on port 3000","timestamp":"2025-09-21T04:37:41.312Z"}
{"level":"info","message":"MongoDB connected","timestamp":"2025-09-21T04:37:41.383Z"}
{"level":"info","message":"Server is running on port 3000","timestamp":"2025-09-21T04:37:43.769Z"}
{"level":"info","message":"MongoDB connected","timestamp":"2025-09-21T04:37:43.821Z"}
{"level":"info","message":"Server is running on port 3000","timestamp":"2025-09-21T04:37:47.642Z"}
{"level":"info","message":"MongoDB connected","timestamp":"2025-09-21T04:37:47.681Z"}
{"level":"info","message":"Server is running on port 3000","timestamp":"2025-09-21T04:38:03.410Z"}
{"level":"info","message":"MongoDB connected","timestamp":"2025-09-21T04:38:03.456Z"}
{"level":"info","message":"Server is running on port 3000","timestamp":"2025-09-21T04:38:07.378Z"}
{"level":"info","message":"MongoDB connected","timestamp":"2025-09-21T04:38:07.414Z"}
{"level":"info","message":"Server is running on port 3000","timestamp":"2025-09-21T04:38:12.926Z"}
{"level":"info","message":"MongoDB connected","timestamp":"2025-09-21T04:38:12.981Z"}
{"level":"info","message":"Server is running on port 3000","timestamp":"2025-09-21T04:38:15.929Z"}
{"level":"info","message":"MongoDB connected","timestamp":"2025-09-21T04:38:16.004Z"}
{"level":"info","message":"Server is running on port 3000","timestamp":"2025-09-21T04:38:18.176Z"}
{"level":"info","message":"MongoDB connected","timestamp":"2025-09-21T04:38:18.217Z"}
{"level":"info","message":"Server is running on port 3000","timestamp":"2025-09-21T04:38:22.411Z"}
{"level":"info","message":"MongoDB connected","timestamp":"2025-09-21T04:38:22.449Z"}
{"level":"info","message":"Server is running on port 3000","timestamp":"2025-09-21T04:38:26.833Z"}
{"level":"info","message":"MongoDB connected","timestamp":"2025-09-21T04:38:26.863Z"}
{"level":"info","message":"Server is running on port 3000","timestamp":"2025-09-21T04:38:51.741Z"}
{"level":"info","message":"MongoDB connected","timestamp":"2025-09-21T04:38:51.775Z"}
{"level":"info","message":"MongoDB connected","timestamp":"2025-09-21T09:46:49.629Z"}
{"level":"info","message":"Server is running on port 3000","timestamp":"2025-09-21T09:46:49.642Z"}
{"level":"info","message":"MongoDB connected","timestamp":"2025-09-21T09:47:35.922Z"}
{"level":"info","message":"Server is running on port 3000","timestamp":"2025-09-21T09:47:35.934Z"}
{"level":"info","message":"MongoDB connected","timestamp":"2025-09-21T09:47:39.887Z"}
{"level":"info","message":"Server is running on port 3000","timestamp":"2025-09-21T09:47:39.902Z"}
{"level":"info","message":"MongoDB connected","timestamp":"2025-09-21T09:48:05.967Z"}
{"level":"info","message":"Server is running on port 3000","timestamp":"2025-09-21T09:48:05.979Z"}
{"level":"info","message":"MongoDB connected","timestamp":"2025-09-21T09:48:18.920Z"}
{"level":"info","message":"Server is running on port 3000","timestamp":"2025-09-21T09:48:18.990Z"}
{"level":"info","message":"MongoDB connected","timestamp":"2025-09-21T09:48:28.625Z"}
{"level":"info","message":"Server is running on port 3000","timestamp":"2025-09-21T09:48:28.637Z"}
{"level":"info","message":"MongoDB connected","timestamp":"2025-09-21T09:48:35.552Z"}
{"level":"info","message":"Server is running on port 3000","timestamp":"2025-09-21T09:48:35.584Z"}
{"level":"info","message":"MongoDB connected","timestamp":"2025-09-21T09:48:37.590Z"}
{"level":"info","message":"Server is running on port 3000","timestamp":"2025-09-21T09:48:37.602Z"}
{"level":"info","message":"MongoDB connected","timestamp":"2025-09-21T09:50:18.508Z"}
{"level":"info","message":"Server is running on port 3000","timestamp":"2025-09-21T09:50:18.519Z"}
{"level":"info","message":"MongoDB connected","timestamp":"2025-09-21T09:53:38.803Z"}
{"level":"info","message":"Server is running on port 3000","timestamp":"2025-09-21T09:53:38.815Z"}
{"level":"info","message":"MongoDB connected","timestamp":"2025-09-21T09:53:43.052Z"}
{"level":"info","message":"Server is running on port 3000","timestamp":"2025-09-21T09:53:43.084Z"}
{"level":"info","message":"MongoDB connected","timestamp":"2025-09-21T09:53:44.838Z"}
{"level":"info","message":"Server is running on port 3000","timestamp":"2025-09-21T09:53:44.849Z"}
{"level":"info","message":"MongoDB connected","timestamp":"2025-09-21T09:59:49.267Z"}
{"level":"info","message":"Server is running on port 3000","timestamp":"2025-09-21T09:59:49.281Z"}
{"level":"info","message":"MongoDB connected","timestamp":"2025-09-21T10:00:54.799Z"}
{"level":"info","message":"Server is running on port 3000","timestamp":"2025-09-21T10:00:54.811Z"}
{"level":"info","message":"MongoDB connected","timestamp":"2025-09-21T10:02:10.533Z"}
{"level":"info","message":"Server is running on port 3000","timestamp":"2025-09-21T10:02:10.554Z"}
{"level":"info","message":"MongoDB connected","timestamp":"2025-09-21T10:03:12.910Z"}
{"level":"info","message":"Server is running on port 3000","timestamp":"2025-09-21T10:03:12.921Z"}
{"level":"info","message":"MongoDB connected","timestamp":"2025-09-21T10:03:24.965Z"}
{"level":"info","message":"Server is running on port 3000","timestamp":"2025-09-21T10:03:24.977Z"}
{"level":"info","message":"MongoDB connected","timestamp":"2025-09-21T10:03:32.135Z"}
{"level":"info","message":"Server is running on port 3000","timestamp":"2025-09-21T10:03:32.148Z"}
{"level":"info","message":"MongoDB connected","timestamp":"2025-09-21T10:03:37.513Z"}
{"level":"info","message":"Server is running on port 3000","timestamp":"2025-09-21T10:03:37.597Z"}
{"level":"info","message":"MongoDB connected","timestamp":"2025-09-21T10:03:41.641Z"}
{"level":"info","message":"Server is running on port 3000","timestamp":"2025-09-21T10:03:41.652Z"}
{"level":"info","message":"MongoDB connected","timestamp":"2025-09-21T10:03:55.192Z"}
{"level":"info","message":"Server is running on port 3000","timestamp":"2025-09-21T10:03:55.207Z"}
{"level":"info","message":"MongoDB connected","timestamp":"2025-09-21T10:04:06.128Z"}
{"level":"info","message":"Server is running on port 3000","timestamp":"2025-09-21T10:04:06.139Z"}
{"level":"info","message":"MongoDB connected","timestamp":"2025-09-21T10:04:09.344Z"}
{"level":"info","message":"Server is running on port 3000","timestamp":"2025-09-21T10:04:09.358Z"}
{"level":"info","message":"MongoDB connected","timestamp":"2025-09-21T10:04:12.151Z"}
{"level":"info","message":"Server is running on port 3000","timestamp":"2025-09-21T10:04:12.165Z"}
{"level":"info","message":"MongoDB connected","timestamp":"2025-09-21T10:04:19.294Z"}
{"level":"info","message":"Server is running on port 3000","timestamp":"2025-09-21T10:04:19.318Z"}
{"level":"info","message":"MongoDB connected","timestamp":"2025-09-21T10:04:26.539Z"}
{"level":"info","message":"Server is running on port 3000","timestamp":"2025-09-21T10:04:26.552Z"}
{"level":"info","message":"MongoDB connected","timestamp":"2025-09-21T10:04:36.184Z"}
{"level":"info","message":"Server is running on port 3000","timestamp":"2025-09-21T10:04:36.205Z"}
{"level":"info","message":"MongoDB connected","timestamp":"2025-09-21T10:04:41.309Z"}
{"level":"info","message":"Server is running on port 3000","timestamp":"2025-09-21T10:04:41.320Z"}
{"level":"info","message":"MongoDB connected","timestamp":"2025-09-21T10:04:45.838Z"}
{"level":"info","message":"Server is running on port 3000","timestamp":"2025-09-21T10:04:45.850Z"}
{"level":"info","message":"MongoDB connected","timestamp":"2025-09-21T10:04:53.182Z"}
{"level":"info","message":"Server is running on port 3000","timestamp":"2025-09-21T10:04:53.193Z"}
{"level":"info","message":"MongoDB connected","timestamp":"2025-09-21T10:05:12.489Z"}
{"level":"info","message":"Server is running on port 3000","timestamp":"2025-09-21T10:05:12.502Z"}
{"level":"info","message":"MongoDB connected","timestamp":"2025-09-21T10:05:29.461Z"}
{"level":"info","message":"Server is running on port 3000","timestamp":"2025-09-21T10:05:29.482Z"}
{"level":"info","message":"MongoDB connected","timestamp":"2025-09-21T10:05:38.859Z"}
{"level":"info","message":"Server is running on port 3000","timestamp":"2025-09-21T10:05:38.873Z"}
{"level":"info","message":"MongoDB connected","timestamp":"2025-09-21T10:06:05.030Z"}
{"level":"info","message":"Server is running on port 3000","timestamp":"2025-09-21T10:06:05.041Z"}
{"level":"info","message":"MongoDB connected","timestamp":"2025-09-21T10:06:14.693Z"}
{"level":"info","message":"Server is running on port 3000","timestamp":"2025-09-21T10:06:14.707Z"}
{"level":"info","message":"MongoDB connected","timestamp":"2025-09-21T10:06:20.072Z"}
{"level":"info","message":"Server is running on port 3000","timestamp":"2025-09-21T10:06:20.083Z"}
{"level":"info","message":"MongoDB connected","timestamp":"2025-09-21T10:06:24.985Z"}
{"level":"info","message":"Server is running on port 3000","timestamp":"2025-09-21T10:06:24.996Z"}
{"level":"info","message":"MongoDB connected","timestamp":"2025-09-21T10:06:49.574Z"}
{"level":"info","message":"Server is running on port 3000","timestamp":"2025-09-21T10:06:49.609Z"}
{"level":"info","message":"MongoDB connected","timestamp":"2025-09-21T10:06:52.055Z"}
{"level":"info","message":"Server is running on port 3000","timestamp":"2025-09-21T10:06:52.067Z"}
{"level":"info","message":"MongoDB connected","timestamp":"2025-09-21T10:06:57.816Z"}
{"level":"info","message":"Server is running on port 3000","timestamp":"2025-09-21T10:06:57.826Z"}
{"level":"info","message":"MongoDB connected","timestamp":"2025-09-21T10:07:01.116Z"}
{"level":"info","message":"Server is running on port 3000","timestamp":"2025-09-21T10:07:01.149Z"}
{"level":"info","message":"MongoDB connected","timestamp":"2025-09-21T10:07:04.082Z"}
{"level":"info","message":"Server is running on port 3000","timestamp":"2025-09-21T10:07:04.093Z"}
{"level":"info","message":"MongoDB connected","timestamp":"2025-09-21T10:08:18.045Z"}
{"level":"info","message":"Server is running on port 3000","timestamp":"2025-09-21T10:08:18.059Z"}
{"level":"info","message":"MongoDB connected","timestamp":"2025-09-21T10:09:15.134Z"}
{"level":"info","message":"Server is running on port 3000","timestamp":"2025-09-21T10:09:15.145Z"}
{"level":"info","message":"MongoDB connected","timestamp":"2025-09-21T10:11:01.613Z"}
{"level":"info","message":"Server is running on port 3000","timestamp":"2025-09-21T10:11:01.631Z"}
{"level":"info","message":"MongoDB connected","timestamp":"2025-09-21T10:12:30.926Z"}
{"level":"info","message":"MongoDB connected","timestamp":"2025-09-21T10:12:33.382Z"}
{"level":"info","message":"Server is running on port 3000","timestamp":"2025-09-21T10:12:33.395Z"}
{"level":"info","message":"MongoDB connected","timestamp":"2025-09-21T10:12:49.580Z"}
{"level":"info","message":"Server is running on port 3000","timestamp":"2025-09-21T10:12:49.592Z"}
{"level":"info","message":"MongoDB connected","timestamp":"2025-09-21T10:41:42.134Z"}
{"level":"info","message":"Server is running on port 3000","timestamp":"2025-09-21T10:41:42.150Z"}
{"level":"info","message":"MongoDB connected","timestamp":"2025-09-21T10:41:49.453Z"}
{"level":"info","message":"Server is running on port 3000","timestamp":"2025-09-21T10:41:49.467Z"}
{"level":"error","message":"500 - Cannot access 'user' before initialization Cannot access 'user' before initialization","stack":"ReferenceError: Cannot access 'user' before initialization\n    at mongoUserRepo.createUser (D:\\Cohort\\Eat better Co\\backend\\src\\repositories\\implementations\\mongoUserRepo.js:6:18)\n    at userServices.createUser (D:\\Cohort\\Eat better Co\\backend\\src\\services\\userServices.js:42:47)\n    at process.processTicksAndRejections (node:internal/process/task_queues:105:5)\n    at async register (D:\\Cohort\\Eat better Co\\backend\\src\\controllers\\userController.js:7:20)","timestamp":"2025-09-21T10:42:02.977Z"}
{"level":"info","message":"MongoDB connected","timestamp":"2025-09-21T10:42:32.073Z"}
{"level":"info","message":"Server is running on port 3000","timestamp":"2025-09-21T10:42:32.113Z"}
{"level":"info","message":"MongoDB connected","timestamp":"2025-09-21T10:42:38.395Z"}
{"level":"info","message":"Server is running on port 3000","timestamp":"2025-09-21T10:42:38.407Z"}
{"level":"info","message":"MongoDB connected","timestamp":"2025-09-21T10:42:47.442Z"}
{"level":"info","message":"Server is running on port 3000","timestamp":"2025-09-21T10:42:47.542Z"}
{"level":"info","message":"MongoDB connected","timestamp":"2025-09-21T10:42:53.705Z"}
{"level":"info","message":"Server is running on port 3000","timestamp":"2025-09-21T10:42:53.716Z"}
{"level":"error","message":"500 - Cannot access 'user' before initialization Cannot access 'user' before initialization","stack":"ReferenceError: Cannot access 'user' before initialization\n    at mongoUserRepo.createUser (D:\\Cohort\\Eat better Co\\backend\\src\\repositories\\implementations\\mongoUserRepo.js:6:18)\n    at userServices.createUser (D:\\Cohort\\Eat better Co\\backend\\src\\services\\userServices.js:42:47)\n    at process.processTicksAndRejections (node:internal/process/task_queues:105:5)\n    at async register (D:\\Cohort\\Eat better Co\\backend\\src\\controllers\\userController.js:7:20)","timestamp":"2025-09-21T10:42:56.284Z"}
{"level":"info","message":"MongoDB connected","timestamp":"2025-09-21T10:43:52.367Z"}
{"level":"info","message":"Server is running on port 3000","timestamp":"2025-09-21T10:43:52.378Z"}
{"level":"info","message":"MongoDB connected","timestamp":"2025-09-21T10:44:01.021Z"}
{"level":"info","message":"Server is running on port 3000","timestamp":"2025-09-21T10:44:01.034Z"}
{"level":"info","message":"MongoDB connected","timestamp":"2025-09-21T10:44:06.927Z"}
{"level":"info","message":"Server is running on port 3000","timestamp":"2025-09-21T10:44:06.939Z"}
{"level":"info","message":"MongoDB connected","timestamp":"2025-09-21T10:44:13.681Z"}
{"level":"info","message":"Server is running on port 3000","timestamp":"2025-09-21T10:44:13.693Z"}
{"level":"error","message":"500 - Cannot access 'user' before initialization Cannot access 'user' before initialization","stack":"ReferenceError: Cannot access 'user' before initialization\n    at mongoUserRepo.createUser (D:\\Cohort\\Eat better Co\\backend\\src\\repositories\\implementations\\mongoUserRepo.js:6:18)\n    at userServices.createUser (D:\\Cohort\\Eat better Co\\backend\\src\\services\\userServices.js:42:47)\n    at process.processTicksAndRejections (node:internal/process/task_queues:105:5)\n    at async register (D:\\Cohort\\Eat better Co\\backend\\src\\controllers\\userController.js:7:20)","timestamp":"2025-09-21T10:44:15.681Z"}
{"level":"info","message":"MongoDB connected","timestamp":"2025-09-21T10:45:17.994Z"}
{"level":"info","message":"Server is running on port 3000","timestamp":"2025-09-21T10:45:18.011Z"}
{"level":"info","message":"MongoDB connected","timestamp":"2025-09-21T10:45:25.407Z"}
{"level":"info","message":"Server is running on port 3000","timestamp":"2025-09-21T10:45:25.421Z"}
{"level":"error","message":"500 - Cannot access 'user' before initialization","timestamp":"2025-09-21T10:45:27.829Z"}
{"level":"info","message":"MongoDB connected","timestamp":"2025-09-21T10:45:44.167Z"}
{"level":"info","message":"Server is running on port 3000","timestamp":"2025-09-21T10:45:44.203Z"}
{"level":"info","message":"MongoDB connected","timestamp":"2025-09-21T10:45:46.888Z"}
{"level":"info","message":"Server is running on port 3000","timestamp":"2025-09-21T10:45:46.905Z"}
{"level":"info","message":"MongoDB connected","timestamp":"2025-09-21T10:45:53.061Z"}
{"level":"info","message":"Server is running on port 3000","timestamp":"2025-09-21T10:45:53.072Z"}
{"level":"error","message":"500 - Cannot access 'user' before initialization","timestamp":"2025-09-21T10:45:53.970Z"}
{"level":"info","message":"MongoDB connected","timestamp":"2025-09-21T10:46:01.635Z"}
{"level":"info","message":"Server is running on port 3000","timestamp":"2025-09-21T10:46:01.648Z"}
{"error":"ReferenceError: Cannot access 'user' before initialization\n    at mongoUserRepo.createUser (D:\\Cohort\\Eat better Co\\backend\\src\\repositories\\implementations\\mongoUserRepo.js:6:18)\n    at userServices.createUser (D:\\Cohort\\Eat better Co\\backend\\src\\services\\userServices.js:42:47)\n    at process.processTicksAndRejections (node:internal/process/task_queues:105:5)\n    at async register (D:\\Cohort\\Eat better Co\\backend\\src\\controllers\\userController.js:7:20)","level":"error","message":"500 - Cannot access 'user' before initialization","timestamp":"2025-09-21T10:46:08.632Z"}
{"level":"info","message":"MongoDB connected","timestamp":"2025-09-21T10:46:46.927Z"}
{"level":"info","message":"Server is running on port 3000","timestamp":"2025-09-21T10:46:46.947Z"}
{"error":"ReferenceError: Cannot access 'user' before initialization\n    at mongoUserRepo.createUser (D:\\Cohort\\Eat better Co\\backend\\src\\repositories\\implementations\\mongoUserRepo.js:6:18)\n    at userServices.createUser (D:\\Cohort\\Eat better Co\\backend\\src\\services\\userServices.js:42:47)\n    at process.processTicksAndRejections (node:internal/process/task_queues:105:5)\n    at async register (D:\\Cohort\\Eat better Co\\backend\\src\\controllers\\userController.js:7:20)","level":"error","message":"500 - Cannot access 'user' before initialization","timestamp":"2025-09-21T10:46:48.659Z"}
{"level":"info","message":"MongoDB connected","timestamp":"2025-09-21T10:47:05.638Z"}
{"level":"info","message":"Server is running on port 3000","timestamp":"2025-09-21T10:47:05.651Z"}
{"error":"ReferenceError: Cannot access 'user' before initialization\n    at mongoUserRepo.createUser (D:\\Cohort\\Eat better Co\\backend\\src\\repositories\\implementations\\mongoUserRepo.js:6:18)\n    at userServices.createUser (D:\\Cohort\\Eat better Co\\backend\\src\\services\\userServices.js:42:47)\n    at process.processTicksAndRejections (node:internal/process/task_queues:105:5)\n    at async register (D:\\Cohort\\Eat better Co\\backend\\src\\controllers\\userController.js:7:20)","level":"error","message":"500 - Cannot access 'user' before initialization","timestamp":"2025-09-21T10:47:05.784Z"}
{"level":"info","message":"MongoDB connected","timestamp":"2025-09-21T10:47:13.192Z"}
{"level":"info","message":"Server is running on port 3000","timestamp":"2025-09-21T10:47:13.208Z"}
{"level":"info","message":"MongoDB connected","timestamp":"2025-09-21T10:47:23.107Z"}
{"level":"info","message":"Server is running on port 3000","timestamp":"2025-09-21T10:47:23.121Z"}
{"level":"info","message":"MongoDB connected","timestamp":"2025-09-21T10:47:26.056Z"}
{"level":"info","message":"Server is running on port 3000","timestamp":"2025-09-21T10:47:26.072Z"}
{"error":"ReferenceError: Cannot access 'user' before initialization\n    at mongoUserRepo.createUser (D:\\Cohort\\Eat better Co\\backend\\src\\repositories\\implementations\\mongoUserRepo.js:6:18)\n    at userServices.createUser (D:\\Cohort\\Eat better Co\\backend\\src\\services\\userServices.js:42:47)\n    at process.processTicksAndRejections (node:internal/process/task_queues:105:5)\n    at async register (D:\\Cohort\\Eat better Co\\backend\\src\\controllers\\userController.js:7:20)","level":"error","message":"500 - Cannot access 'user' before initialization","timestamp":"2025-09-21T10:47:32.503Z"}
{"level":"info","message":"MongoDB connected","timestamp":"2025-09-21T11:03:59.608Z"}
{"level":"info","message":"Server is running on port 3000","timestamp":"2025-09-21T11:03:59.620Z"}
{"error":"ReferenceError: Cannot access 'user' before initialization\n    at mongoUserRepo.createUser (D:\\Cohort\\Eat better Co\\backend\\src\\repositories\\implementations\\mongoUserRepo.js:6:18)\n    at userServices.createUser (D:\\Cohort\\Eat better Co\\backend\\src\\services\\userServices.js:42:47)\n    at process.processTicksAndRejections (node:internal/process/task_queues:105:5)\n    at async register (D:\\Cohort\\Eat better Co\\backend\\src\\controllers\\userController.js:7:20)","level":"error","message":"500 - Cannot access 'user' before initialization","timestamp":"2025-09-21T11:04:04.113Z"}
{"level":"info","message":"MongoDB connected","timestamp":"2025-09-21T11:05:11.512Z"}
{"level":"info","message":"Server is running on port 3000","timestamp":"2025-09-21T11:05:11.523Z"}
{"level":"info","message":"MongoDB connected","timestamp":"2025-09-21T11:05:19.589Z"}
{"level":"info","message":"Server is running on port 3000","timestamp":"2025-09-21T11:05:19.604Z"}
{"level":"info","message":"MongoDB connected","timestamp":"2025-09-21T11:05:31.225Z"}
{"level":"info","message":"Server is running on port 3000","timestamp":"2025-09-21T11:05:31.237Z"}
{"error":"ReferenceError: Cannot access 'user' before initialization\n    at mongoUserRepo.createUser (D:\\Cohort\\Eat better Co\\backend\\src\\repositories\\implementations\\mongoUserRepo.js:6:18)\n    at userServices.createUser (D:\\Cohort\\Eat better Co\\backend\\src\\services\\userServices.js:42:47)\n    at process.processTicksAndRejections (node:internal/process/task_queues:105:5)\n    at async register (D:\\Cohort\\Eat better Co\\backend\\src\\controllers\\userController.js:7:20)","level":"error","message":"500 - Cannot access 'user' before initialization","timestamp":"2025-09-21T11:05:32.279Z"}
{"error":"ReferenceError: Cannot access 'user' before initialization\n    at mongoUserRepo.createUser (D:\\Cohort\\Eat better Co\\backend\\src\\repositories\\implementations\\mongoUserRepo.js:6:18)\n    at userServices.createUser (D:\\Cohort\\Eat better Co\\backend\\src\\services\\userServices.js:42:47)\n    at process.processTicksAndRejections (node:internal/process/task_queues:105:5)\n    at async register (D:\\Cohort\\Eat better Co\\backend\\src\\controllers\\userController.js:7:20)","level":"error","message":"500 - Cannot access 'user' before initialization","timestamp":"2025-09-21T11:05:38.494Z"}
{"level":"info","message":"MongoDB connected","timestamp":"2025-09-21T11:07:12.398Z"}
{"level":"info","message":"Server is running on port 3000","timestamp":"2025-09-21T11:07:12.409Z"}
{"error":"ReferenceError: Cannot access 'user' before initialization\n    at mongoUserRepo.createUser (D:\\Cohort\\Eat better Co\\backend\\src\\repositories\\implementations\\mongoUserRepo.js:6:18)\n    at userServices.createUser (D:\\Cohort\\Eat better Co\\backend\\src\\services\\userServices.js:42:47)\n    at process.processTicksAndRejections (node:internal/process/task_queues:105:5)\n    at async register (D:\\Cohort\\Eat better Co\\backend\\src\\controllers\\userController.js:7:20)","level":"error","message":"500 - Cannot access 'user' before initialization","timestamp":"2025-09-21T11:07:15.363Z"}
{"level":"info","message":"MongoDB connected","timestamp":"2025-09-21T11:08:59.683Z"}
{"level":"info","message":"Server is running on port 3000","timestamp":"2025-09-21T11:08:59.699Z"}
{"error":"ValidationError: User validation failed: role: Path `role` is required.\n    at Document.invalidate (D:\\Cohort\\Eat better Co\\backend\\node_modules\\mongoose\\lib\\document.js:3358:32)\n    at D:\\Cohort\\Eat better Co\\backend\\node_modules\\mongoose\\lib\\document.js:3119:17\n    at D:\\Cohort\\Eat better Co\\backend\\node_modules\\mongoose\\lib\\schemaType.js:1416:9\n    at process.processTicksAndRejections (node:internal/process/task_queues:85:11)","level":"error","message":"500 - User validation failed: role: Path `role` is required.","timestamp":"2025-09-21T11:09:13.043Z"}
{"error":"ValidationError: User validation failed: role: Path `role` is required.\n    at Document.invalidate (D:\\Cohort\\Eat better Co\\backend\\node_modules\\mongoose\\lib\\document.js:3358:32)\n    at D:\\Cohort\\Eat better Co\\backend\\node_modules\\mongoose\\lib\\document.js:3119:17\n    at D:\\Cohort\\Eat better Co\\backend\\node_modules\\mongoose\\lib\\schemaType.js:1416:9\n    at process.processTicksAndRejections (node:internal/process/task_queues:85:11)","level":"error","message":"500 - User validation failed: role: Path `role` is required.","timestamp":"2025-09-21T11:09:32.397Z"}
{"error":"ValidationError: User validation failed: role: Path `role` is required.\n    at Document.invalidate (D:\\Cohort\\Eat better Co\\backend\\node_modules\\mongoose\\lib\\document.js:3358:32)\n    at D:\\Cohort\\Eat better Co\\backend\\node_modules\\mongoose\\lib\\document.js:3119:17\n    at D:\\Cohort\\Eat better Co\\backend\\node_modules\\mongoose\\lib\\schemaType.js:1416:9\n    at process.processTicksAndRejections (node:internal/process/task_queues:85:11)","level":"error","message":"500 - User validation failed: role: Path `role` is required.","timestamp":"2025-09-21T11:09:35.035Z"}
{"level":"info","message":"MongoDB connected","timestamp":"2025-09-21T11:10:16.229Z"}
{"level":"info","message":"Server is running on port 3000","timestamp":"2025-09-21T11:10:16.240Z"}
{"level":"info","message":"MongoDB connected","timestamp":"2025-09-21T11:10:26.190Z"}
{"level":"info","message":"Server is running on port 3000","timestamp":"2025-09-21T11:10:26.202Z"}
{"level":"info","message":"MongoDB connected","timestamp":"2025-09-21T11:10:49.577Z"}
{"level":"info","message":"Server is running on port 3000","timestamp":"2025-09-21T11:10:49.589Z"}
{"level":"info","message":"MongoDB connected","timestamp":"2025-09-21T11:10:55.825Z"}
{"level":"info","message":"Server is running on port 3000","timestamp":"2025-09-21T11:10:55.835Z"}
{"level":"info","message":"MongoDB connected","timestamp":"2025-09-21T11:11:06.726Z"}
{"level":"info","message":"Server is running on port 3000","timestamp":"2025-09-21T11:11:06.749Z"}
